<?xml version="1.0" encoding="UTF-8"?>
<!-- Generated by org.testng.reporters.JUnitReportReporter -->
<testsuite hostname="LAPTOP-U2SNV05P" failures="0" tests="1" name="com.SorceDemo.TestCases.TC02AddToCart" time="15.891" errors="0" timestamp="2022-06-13T15:42:54 IST" skipped="0">
  <testcase classname="com.SorceDemo.TestCases.TC02AddToCart" name="singleProductAdd" time="15.891"/>
  <system-out/>
</testsuite> <!-- com.SorceDemo.TestCases.TC02AddToCart -->
